si controlla che l'assistito si sia registrato
si deve controllare la mail
si controlla che l'assistito si sia registrato
si deve controllare la mail
cookie inviato
resoconto inviato al medico
dosi calcolate
dati inviati al paziente
API logfile restituito
resoconto inviato al medico
resoconto inviato al medico
resoconto inviato al medico
mail verificata
cookie inviato
mail verificata
cookie inviato
mail verificata
cookie inviato
dosi calcolate
dosi calcolate
si controlla che l'assistito si sia registrato
inserimento paziente
si controlla che l'assistito si sia registrato
mail inviata
si deve controllare la mail
mail verificata
cookie inviato
resoconto inviato al medico
si controlla che l'assistito si sia registrato
API disponibilità inserita
API logfile restituito
resoconto inviato al medico
dosi calcolate
evento creato in calendario utente
resoconto inviato al medico
dosi calcolate
si controlla che l'assistito si sia registrato
inserimento paziente
pronti a verificare
si controlla che l'assistito si sia registrato
si controlla che l'assistito si sia registrato
dosi calcolate
resoconto inviato al medico
API logfile restituito
API logfile restituito
API logfile restituito
resoconto inviato al medico
API disponibilità inserita
si controlla che l'assistito si sia registrato
si controlla che l'assistito si sia registrato
si controlla che l'assistito si sia registrato
mail inviata
si deve controllare la mail
mail verificata
cookie inviato
resoconto inviato al medico
resoconto inviato al medico
evento creato in calendario utente
evento creato in calendario utente
evento creato in calendario utente
dati inviati al paziente
resoconto inviato al medico
evento creato in calendario utente
