si controlla che l'assistito si sia registrato
si deve controllare la mail
si controlla che l'assistito si sia registrato
si deve controllare la mail
cookie inviato
resoconto inviato al medico
dosi calcolate
dati inviati al paziente
API logfile restituito
resoconto inviato al medico
resoconto inviato al medico
resoconto inviato al medico
mail verificata
cookie inviato
mail verificata
cookie inviato
mail verificata
cookie inviato
dosi calcolate
dosi calcolate
si controlla che l'assistito si sia registrato
inserimento paziente
si controlla che l'assistito si sia registrato
mail inviata
si deve controllare la mail
mail verificata
cookie inviato
resoconto inviato al medico
si controlla che l'assistito si sia registrato
API disponibilità inserita
